<?xml version="1.0" encoding="UTF-8"?>
<testng-results ignored="0" total="2" passed="2" failed="0" skipped="0">
  <reporter-output>
  </reporter-output>
  <suite started-at="2026-02-09T14:10:52 IST" name="Suite" finished-at="2026-02-09T14:10:59 IST" duration-ms="7024">
    <groups>
    </groups>
    <test started-at="2026-02-09T14:10:52 IST" name="Test1" finished-at="2026-02-09T14:10:56 IST" duration-ms="3991">
      <class name="facebooklogin.Login">
        <test-method is-config="true" signature="p1()[pri:0, instance:facebooklogin.Login@384ad17b]" started-at="2026-02-09T14:10:52 IST" name="p1" finished-at="2026-02-09T14:10:56 IST" duration-ms="3738" status="PASS">
          <reporter-output>
          </reporter-output>
        </test-method> <!-- p1 -->
        <test-method signature="run()[pri:0, instance:facebooklogin.Login@384ad17b]" started-at="2026-02-09T14:10:56 IST" name="run" finished-at="2026-02-09T14:10:56 IST" duration-ms="210" status="PASS">
          <reporter-output>
          </reporter-output>
        </test-method> <!-- run -->
      </class> <!-- facebooklogin.Login -->
    </test> <!-- Test1 -->
    <test started-at="2026-02-09T14:10:56 IST" name="Test2" finished-at="2026-02-09T14:10:59 IST" duration-ms="2997">
      <class name="facebooklogin.Login">
        <test-method is-config="true" signature="p1()[pri:0, instance:facebooklogin.Login@52bf72b5]" started-at="2026-02-09T14:10:56 IST" name="p1" finished-at="2026-02-09T14:10:59 IST" duration-ms="2731" status="PASS">
          <reporter-output>
          </reporter-output>
        </test-method> <!-- p1 -->
        <test-method signature="run()[pri:0, instance:facebooklogin.Login@52bf72b5]" started-at="2026-02-09T14:10:59 IST" name="run" finished-at="2026-02-09T14:10:59 IST" duration-ms="263" status="PASS">
          <reporter-output>
          </reporter-output>
        </test-method> <!-- run -->
      </class> <!-- facebooklogin.Login -->
    </test> <!-- Test2 -->
  </suite> <!-- Suite -->
</testng-results>
