<?xml version="1.0" encoding="UTF-8"?>
<testng-results ignored="0" total="2" passed="2" failed="0" skipped="0">
  <reporter-output>
  </reporter-output>
  <suite started-at="2026-02-09T15:23:52 IST" name="Suite" finished-at="2026-02-09T15:24:01 IST" duration-ms="8679">
    <groups>
    </groups>
    <test started-at="2026-02-09T15:23:52 IST" name="Test1" finished-at="2026-02-09T15:23:56 IST" duration-ms="4179">
      <class name="facebooklogin.Login2">
        <test-method is-config="true" signature="p1(java.lang.String)[pri:0, instance:facebooklogin.Login2@10683d9d]" started-at="2026-02-09T15:23:52 IST" name="p1" finished-at="2026-02-09T15:23:56 IST" duration-ms="3659" status="PASS">
          <params>
            <param index="0">
              <value>
                <![CDATA[firefox]]>
              </value>
            </param>
          </params>
          <reporter-output>
          </reporter-output>
        </test-method> <!-- p1 -->
        <test-method signature="run()[pri:0, instance:facebooklogin.Login2@10683d9d]" started-at="2026-02-09T15:23:56 IST" name="run" finished-at="2026-02-09T15:23:56 IST" duration-ms="461" status="PASS">
          <reporter-output>
          </reporter-output>
        </test-method> <!-- run -->
      </class> <!-- facebooklogin.Login2 -->
    </test> <!-- Test1 -->
    <test started-at="2026-02-09T15:23:56 IST" name="Test2" finished-at="2026-02-09T15:24:01 IST" duration-ms="4368">
      <class name="facebooklogin.Login">
        <test-method is-config="true" signature="p1(java.lang.String)[pri:0, instance:facebooklogin.Login@3bd82cf5]" started-at="2026-02-09T15:23:56 IST" name="p1" finished-at="2026-02-09T15:23:59 IST" duration-ms="3181" status="PASS">
          <params>
            <param index="0">
              <value>
                <![CDATA[chrome]]>
              </value>
            </param>
          </params>
          <reporter-output>
          </reporter-output>
        </test-method> <!-- p1 -->
        <test-method signature="run()[pri:0, instance:facebooklogin.Login@3bd82cf5]" started-at="2026-02-09T15:23:59 IST" name="run" finished-at="2026-02-09T15:24:01 IST" duration-ms="1174" status="PASS">
          <reporter-output>
          </reporter-output>
        </test-method> <!-- run -->
      </class> <!-- facebooklogin.Login -->
    </test> <!-- Test2 -->
  </suite> <!-- Suite -->
</testng-results>
